Read data: [123456789, 123, 1234, 12345]
Calculate sum
Find maximum
Find minimum
Read data: [1, 2, 3, 4, 5]
Calculate sum
Find maximum
Find minimum
Data updated: [1, 2, 3, 4, 5]
Read data: [1, 2, 3, 4, 5]
Calculate sum
Find maximum
Find minimum
Read data: [12, 24, 31, 42, 5]
Calculate sum
Find maximum
Find minimum
Data updated: [1, 2, 3, 4, 5]
Read data: [1, 2, 3, 4, 5]
Calculate sum
Find maximum
Find minimum
Read data: [1, 2, 3, 4, 5]
Calculate sum
Find maximum
Find minimum
Data updated: [1, 2, 3, 4, 5]
Read data: [1, 2, 3, 4, 5]
Calculate sum
Find maximum
Find minimum
